# JRE version: Java(TM) SE Runtime Environment (21.0.7+8) (build 21.0.7+8-LTS-245)
# Java VM: Java HotSpot(TM) 64-Bit Server VM (21.0.7+8-LTS-245, mixed mode, emulated-client, sharing, tiered, compressed oops, compressed class ptrs, g1 gc, windows-amd64)
GC Precious Log:
 CardTable entry size: 512
 Card Set container configuration: InlinePtr #cards 5 size 8 Array Of Cards #cards 12 size 40 Howl #buckets 4 coarsen threshold 1843 Howl Bitmap #cards 512 size 80 coarsen threshold 460 Card regions per heap region 1 cards per card region 2048
 CPUs: 2 total, 2 available
 Memory: 6087M
 Large Page Support: Disabled
 NUMA Support: Disabled
 Compressed Oops: Enabled (32-bit)
 Heap Region Size: 1M
 Heap Min Capacity: 8M
 Heap Initial Capacity: 96M
 Heap Max Capacity: 1522M
 Pre-touch: Disabled
 Parallel Workers: 2
 Concurrent Workers: 1
 Concurrent Refinement Workers: 2
 Periodic GC: Disabled
Heap:
 garbage-first heap   total 58368K, used 41574K [0x00000000a0e00000, 0x0000000100000000)
  region size 1024K, 14 young (14336K), 1 survivors (1024K)
 Metaspace       used 71089K, committed 71808K, reserved 1114112K
  class space    used 10263K, committed 10624K, reserved 1048576K
GC Heap History (20 events):
Event: 18.273 GC heap before
{Heap before GC invocations=10 (full 0):
 garbage-first heap   total 58368K, used 48190K [0x00000000a0e00000, 0x0000000100000000)
  region size 1024K, 29 young (29696K), 2 survivors (2048K)
 Metaspace       used 42161K, committed 42816K, reserved 1114112K
  class space    used 6114K, committed 6400K, reserved 1048576K
}
Event: 18.284 GC heap after
{Heap after GC invocations=11 (full 0):
 garbage-first heap   total 58368K, used 22542K [0x00000000a0e00000, 0x0000000100000000)
  region size 1024K, 4 young (4096K), 4 survivors (4096K)
 Metaspace       used 42161K, committed 42816K, reserved 1114112K
  class space    used 6114K, committed 6400K, reserved 1048576K
}
Event: 21.880 GC heap before
{Heap before GC invocations=11 (full 0):
 garbage-first heap   total 58368K, used 48142K [0x00000000a0e00000, 0x0000000100000000)
  region size 1024K, 30 young (30720K), 4 survivors (4096K)
 Metaspace       used 48600K, committed 49216K, reserved 1114112K
  class space    used 6894K, committed 7168K, reserved 1048576K
}
Event: 21.895 GC heap after
{Heap after GC invocations=12 (full 0):
 garbage-first heap   total 58368K, used 24023K [0x00000000a0e00000, 0x0000000100000000)
  region size 1024K, 4 young (4096K), 4 survivors (4096K)
 Metaspace       used 48600K, committed 49216K, reserved 1114112K
  class space    used 6894K, committed 7168K, reserved 1048576K
}
Event: 23.865 GC heap before
{Heap before GC invocations=12 (full 0):
 garbage-first heap   total 58368K, used 48599K [0x00000000a0e00000, 0x0000000100000000)
  region size 1024K, 29 young (29696K), 4 survivors (4096K)
 Metaspace       used 55977K, committed 56704K, reserved 1114112K
  class space    used 8058K, committed 8384K, reserved 1048576K
}
Event: 23.877 GC heap after
{Heap after GC invocations=13 (full 0):
 garbage-first heap   total 58368K, used 24926K [0x00000000a0e00000, 0x0000000100000000)
  region size 1024K, 3 young (3072K), 3 survivors (3072K)
 Metaspace       used 55977K, committed 56704K, reserved 1114112K
  class space    used 8058K, committed 8384K, reserved 1048576K
}
Event: 24.650 GC heap before
{Heap before GC invocations=13 (full 0):
 garbage-first heap   total 58368K, used 36190K [0x00000000a0e00000, 0x0000000100000000)
  region size 1024K, 15 young (15360K), 3 survivors (3072K)
 Metaspace       used 59414K, committed 60096K, reserved 1114112K
  class space    used 8578K, committed 8896K, reserved 1048576K
}
Event: 24.659 GC heap after
{Heap after GC invocations=14 (full 0):
 garbage-first heap   total 58368K, used 25615K [0x00000000a0e00000, 0x0000000100000000)
  region size 1024K, 2 young (2048K), 2 survivors (2048K)
 Metaspace       used 59414K, committed 60096K, reserved 1114112K
  class space    used 8578K, committed 8896K, reserved 1048576K
}
Event: 27.864 GC heap before
{Heap before GC invocations=15 (full 0):
 garbage-first heap   total 58368K, used 50191K [0x00000000a0e00000, 0x0000000100000000)
  region size 1024K, 27 young (27648K), 2 survivors (2048K)
 Metaspace       used 62730K, committed 63488K, reserved 1114112K
  class space    used 9128K, committed 9472K, reserved 1048576K
}
Event: 27.876 GC heap after
{Heap after GC invocations=16 (full 0):
 garbage-first heap   total 58368K, used 28133K [0x00000000a0e00000, 0x0000000100000000)
  region size 1024K, 4 young (4096K), 4 survivors (4096K)
 Metaspace       used 62730K, committed 63488K, reserved 1114112K
  class space    used 9128K, committed 9472K, reserved 1048576K
}
Event: 29.274 GC heap before
{Heap before GC invocations=16 (full 0):
 garbage-first heap   total 58368K, used 49637K [0x00000000a0e00000, 0x0000000100000000)
  region size 1024K, 25 young (25600K), 4 survivors (4096K)
 Metaspace       used 65433K, committed 66176K, reserved 1114112K
  class space    used 9538K, committed 9856K, reserved 1048576K
}
Event: 29.293 GC heap after
{Heap after GC invocations=17 (full 0):
 garbage-first heap   total 58368K, used 30181K [0x00000000a0e00000, 0x0000000100000000)
  region size 1024K, 3 young (3072K), 3 survivors (3072K)
 Metaspace       used 65433K, committed 66176K, reserved 1114112K
  class space    used 9538K, committed 9856K, reserved 1048576K
}
Event: 195.308 GC heap before
{Heap before GC invocations=17 (full 0):
 garbage-first heap   total 58368K, used 49637K [0x00000000a0e00000, 0x0000000100000000)
  region size 1024K, 22 young (22528K), 3 survivors (3072K)
 Metaspace       used 70694K, committed 71488K, reserved 1114112K
  class space    used 10208K, committed 10560K, reserved 1048576K
}
Event: 195.320 GC heap after
{Heap after GC invocations=18 (full 0):
 garbage-first heap   total 58368K, used 31508K [0x00000000a0e00000, 0x0000000100000000)
  region size 1024K, 2 young (2048K), 2 survivors (2048K)
 Metaspace       used 70694K, committed 71488K, reserved 1114112K
  class space    used 10208K, committed 10560K, reserved 1048576K
}
Event: 9790.532 GC heap before
{Heap before GC invocations=19 (full 0):
 garbage-first heap   total 58368K, used 50964K [0x00000000a0e00000, 0x0000000100000000)
  region size 1024K, 21 young (21504K), 2 survivors (2048K)
 Metaspace       used 71051K, committed 71808K, reserved 1114112K
  class space    used 10253K, committed 10624K, reserved 1048576K
}
Event: 9790.594 GC heap after
{Heap after GC invocations=20 (full 0):
 garbage-first heap   total 58368K, used 32227K [0x00000000a0e00000, 0x0000000100000000)
  region size 1024K, 3 young (3072K), 3 survivors (3072K)
 Metaspace       used 71051K, committed 71808K, reserved 1114112K
  class space    used 10253K, committed 10624K, reserved 1048576K
}
Event: 16487.446 GC heap before
{Heap before GC invocations=20 (full 0):
 garbage-first heap   total 58368K, used 49635K [0x00000000a0e00000, 0x0000000100000000)
  region size 1024K, 20 young (20480K), 3 survivors (3072K)
 Metaspace       used 71051K, committed 71808K, reserved 1114112K
  class space    used 10253K, committed 10624K, reserved 1048576K
}
Event: 16487.462 GC heap after
{Heap after GC invocations=21 (full 0):
 garbage-first heap   total 58368K, used 29393K [0x00000000a0e00000, 0x0000000100000000)
  region size 1024K, 1 young (1024K), 1 survivors (1024K)
 Metaspace       used 71051K, committed 71808K, reserved 1114112K
  class space    used 10253K, committed 10624K, reserved 1048576K
}
Event: 25170.229 GC heap before
{Heap before GC invocations=21 (full 0):
 garbage-first heap   total 58368K, used 52945K [0x00000000a0e00000, 0x0000000100000000)
  region size 1024K, 24 young (24576K), 1 survivors (1024K)
 Metaspace       used 71055K, committed 71808K, reserved 1114112K
  class space    used 10254K, committed 10624K, reserved 1048576K
}
Event: 25170.241 GC heap after
{Heap after GC invocations=22 (full 0):
 garbage-first heap   total 58368K, used 29286K [0x00000000a0e00000, 0x0000000100000000)
  region size 1024K, 1 young (1024K), 1 survivors (1024K)
 Metaspace       used 71055K, committed 71808K, reserved 1114112K
  class space    used 10254K, committed 10624K, reserved 1048576K
}

